Arguments: 
  /home/mark20119/.nvm/versions/node/v19.7.0/bin/node /home/mark20119/.nvm/versions/node/v19.7.0/bin/yarn init

PATH: 
  /home/mark20119/.nvm/versions/node/v19.7.0/bin:/usr/local/sbin:/usr/local/bin:/usr/sbin:/usr/bin:/sbin:/bin:/usr/games:/usr/local/games:/mnt/c/Python310/Scripts/:/mnt/c/Python310/:/mnt/c/Program Files (x86)/Common Files/Intel/Shared Files/fortran/bin/Intel64:/mnt/c/Program Files (x86)/Common Files/Intel/Shared Libraries/redist/intel64_win/mpirt:/mnt/c/Program Files (x86)/Common Files/Intel/Shared Libraries/redist/intel64_win/compiler:/mnt/c/Program Files/Common Files/Siemens/Automation/Simatic OAM/bin:/mnt/c/Program Files (x86)/Common Files/Intel/Shared Libraries/redist/intel64/compiler:/mnt/c/Windows/system32:/mnt/c/Windows:/mnt/c/Windows/System32/Wbem:/mnt/c/Windows/System32/WindowsPowerShell/v1.0/:/mnt/c/Windows/System32/OpenSSH/:/mnt/c/WINDOWS/system32:/mnt/c/WINDOWS:/mnt/c/WINDOWS/System32/Wbem:/mnt/c/WINDOWS/System32/WindowsPowerShell/v1.0/:/mnt/c/WINDOWS/System32/OpenSSH/:/mnt/c/Program Files (x86)/Microsoft SQL Server/Client SDK/ODBC/110/Tools/Binn/:/mnt/c/Program Files (x86)/Microsoft SQL Server/120/Tools/Binn/:/mnt/c/Program Files (x86)/Microsoft SQL Server/120/DTS/Binn/:/mnt/c/Program Files/dotnet/:/mnt/c/Program Files (x86)/Windows Kits/8.1/Windows Performance Toolkit/:/mnt/c/Program Files (x86)/Common Files/Siemens/:/mnt/c/Program Files (x86)/Common Files/Siemens/Interfaces:/mnt/c/Program Files (x86)/Common Files/Siemens/ACE/Interfaces:/mnt/c/Program Files (x86)/Common Files/Siemens/bin:/mnt/c/Program Files (x86)/Common Files/Siemens/ACE/bin:/mnt/c/Program Files (x86)/Common Files/Siemens/ACE:/mnt/c/Program Files (x86)/Microsoft SQL Server/130/Tools/Binn/:/mnt/c/Program Files/Microsoft SQL Server/130/Tools/Binn/:/mnt/c/Program Files (x86)/Common Files/Siemens/CommonArchiving:/mnt/c/Program Files/Microsoft SQL Server/110/Tools/Binn/:/mnt/c/ProgramData/chocolatey/bin:/mnt/e/SOFT_GIT/local_files/Git/cmd:/mnt/c/Users/TECHNOLOGY/AppData/Local/Microsoft/WindowsApps:/mnt/c/Users/TECHNOLOGY/spicetify-cli:/mnt/e/Miktex/miktex/bin/x64/:/mnt/e/SOFT_Modelsim/win64:/mnt/e/SOFT_VISIUAL_STUDIO_CODE/Microsoft VS Code/bin:/mnt/c/Users/TECHNOLOGY/AppData/Local/Microsoft/WindowsApps:/snap/bin

Yarn version: 
  1.22.19

Node version: 
  19.7.0

Platform: 
  linux x64

Trace: 
  Error: canceled
      at Interface.<anonymous> (/home/mark20119/.nvm/versions/node/v19.7.0/lib/node_modules/yarn/lib/cli.js:137150:13)
      at Interface.emit (node:events:512:28)
      at [_ttyWrite] [as _ttyWrite] (node:internal/readline/interface:1132:18)
      at ReadStream.onkeypress (node:internal/readline/interface:271:20)
      at ReadStream.emit (node:events:512:28)
      at emitKeys (node:internal/readline/utils:357:14)
      at emitKeys.next (<anonymous>)
      at ReadStream.onData (node:internal/readline/emitKeypressEvents:64:36)
      at ReadStream.emit (node:events:512:28)
      at addChunk (node:internal/streams/readable:324:12)

npm manifest: 
  No manifest

yarn manifest: 
  No manifest

Lockfile: 
  No lockfile
